<?xml version="1.0" encoding="UTF-8"?>
<!-- Generated by org.testng.reporters.JUnitReportReporter -->
<testsuite hostname="LAPTOP-K24HLQF9" failures="0" tests="3" name="frst.Second" time="37.236" errors="0" timestamp="2024-02-13T23:58:38 IST" skipped="0">
  <testcase classname="frst.Second" name="OrderHistoryTest" time="5.135"/>
  <system-out/>
  <testcase classname="frst.Second" name="app" time="13.292"/>
  <system-out/>
  <testcase classname="frst.Second" name="app" time="18.809"/>
  <system-out/>
</testsuite> <!-- frst.Second -->
