<?xml version="1.0" encoding="UTF-8"?>
<!-- Generated by org.testng.reporters.JUnitReportReporter -->
<testsuite hostname="LAPTOP-K24HLQF9" failures="0" tests="1" name="frst.ErrorValidation" time="7.380" errors="0" timestamp="2024-02-15T19:51:47 IST" skipped="0">
  <testcase classname="frst.ErrorValidation" name="LoginValidation" time="7.380"/>
  <system-out/>
</testsuite> <!-- frst.ErrorValidation -->
